Using pre-set license
Built from '2020.3/staging' branch; Version is '2020.3.8f1 (507919d4fff5) revision 5273881'; Using compiler version '192528614'; Build Type 'Release'
OS: 'Windows 10 Pro; OS build 19042.1165; Version 2009; 64bit' Language: 'en' Physical Memory: 8067 MB
BatchMode: 1, IsHumanControllingUs: 0, StartBugReporterOnCrash: 0, Is64bit: 1, IsPro: 0

 COMMAND LINE ARGUMENTS:
C:\Program Files\2020.3.8f1\Editor\Unity.exe
-adb2
-batchMode
-noUpm
-name
AssetImportWorker2
-projectPath
E:/Unity games/PixelBug/Menu
-logFile
Logs/AssetImportWorker2.log
-srvPort
60939
Successfully changed project path to: E:/Unity games/PixelBug/Menu
E:/Unity games/PixelBug/Menu
Using Asset Import Pipeline V2.
Refreshing native plugins compatible for Editor in 149.88 ms, found 1 plugins.
Preloading 0 native plugins for Editor in 0.00 ms.
Initialize engine version: 2020.3.8f1 (507919d4fff5)
[Subsystems] Discovering subsystems at path C:/Program Files/2020.3.8f1/Editor/Data/Resources/UnitySubsystems
[Subsystems] Discovering subsystems at path E:/Unity games/PixelBug/Menu/Assets
GfxDevice: creating device client; threaded=0
Direct3D:
    Version:  Direct3D 11.0 [level 11.1]
    Renderer: NVIDIA GeForce MX150 (ID=0x1d10)
    Vendor:   
    VRAM:     1983 MB
    Driver:   30.0.14.7111
Initialize mono
Mono path[0] = 'C:/Program Files/2020.3.8f1/Editor/Data/Managed'
Mono path[1] = 'C:/Program Files/2020.3.8f1/Editor/Data/MonoBleedingEdge/lib/mono/unityjit'
Mono config path = 'C:/Program Files/2020.3.8f1/Editor/Data/MonoBleedingEdge/etc'
Using monoOptions --debugger-agent=transport=dt_socket,embedding=1,server=y,suspend=n,address=127.0.0.1:56440
Begin MonoManager ReloadAssembly
Registering precompiled unity dll's ...
Register platform support module: C:/Program Files/2020.3.8f1/Editor/Data/PlaybackEngines/WindowsStandaloneSupport/UnityEditor.WindowsStandalone.Extensions.dll
Registered in 0.004201 seconds.
Native extension for WindowsStandalone target not found
Refreshing native plugins compatible for Editor in 96.45 ms, found 1 plugins.
Preloading 0 native plugins for Editor in 0.00 ms.
Mono: successfully reloaded assembly
- Completed reload, in  9.661 seconds
Platform modules already initialized, skipping
Registering precompiled user dll's ...
Registered in 0.001699 seconds.
Begin MonoManager ReloadAssembly
Native extension for WindowsStandalone target not found
Refreshing native plugins compatible for Editor in 115.75 ms, found 1 plugins.
Preloading 0 native plugins for Editor in 0.00 ms.
Mono: successfully reloaded assembly
- Completed reload, in  2.914 seconds
Platform modules already initialized, skipping
========================================================================
Worker process is ready to serve import requests
Launched and connected shader compiler UnityShaderCompiler.exe after 0.16 seconds
Refreshing native plugins compatible for Editor in 1.49 ms, found 1 plugins.
Preloading 0 native plugins for Editor in 0.00 ms.
Unloading 1823 Unused Serialized files (Serialized files now loaded: 0)
System memory in use before: 87.0 MB.
System memory in use after: 86.9 MB.

Unloading 24 unused Assets to reduce memory usage. Loaded Objects now: 2265.
Total: 4.528400 ms (FindLiveObjects: 0.481800 ms CreateObjectMapping: 0.215400 ms MarkObjects: 3.578100 ms  DeleteObjects: 0.250300 ms)

========================================================================
Received Import Request.
  path: Assets/Art/Panel.png
  artifactKey: Guid(6fe7dbfd8c487054bbd8ea2816cf8904) Importer(815301076,1909f56bfc062723c751e8b465ee728b)
Start importing Assets/Art/Panel.png using Guid(6fe7dbfd8c487054bbd8ea2816cf8904) Importer(815301076,1909f56bfc062723c751e8b465ee728b)  -> (artifact id: '2a84d29f902c6a54e1823819a9ad8d90') in 0.519741 seconds
  Import took 0.527877 seconds .

========================================================================
Received Import Request.
  Time since last request: 0.000491 seconds.
  path: Assets/Art/Opt.png
  artifactKey: Guid(2406b7345450e844089016fd567fd0c9) Importer(815301076,1909f56bfc062723c751e8b465ee728b)
Start importing Assets/Art/Opt.png using Guid(2406b7345450e844089016fd567fd0c9) Importer(815301076,1909f56bfc062723c751e8b465ee728b)  -> (artifact id: '1ca0fd8bdb499fb64cbe6ddfe9bdfa0b') in 0.033623 seconds
  Import took 0.039874 seconds .

========================================================================
Received Import Request.
  Time since last request: 0.000402 seconds.
  path: Assets/Art/Quit.png
  artifactKey: Guid(b8a2cf9ced43d8143993db414cd3ab96) Importer(815301076,1909f56bfc062723c751e8b465ee728b)
Start importing Assets/Art/Quit.png using Guid(b8a2cf9ced43d8143993db414cd3ab96) Importer(815301076,1909f56bfc062723c751e8b465ee728b)  -> (artifact id: '83315e53574b7b91732d6b6ecfc50788') in 0.030996 seconds
  Import took 0.037320 seconds .

========================================================================
Received Import Request.
  Time since last request: 0.000473 seconds.
  path: Assets/Art/no.png
  artifactKey: Guid(2ad8c4059c376f94eb2cb27be0427a78) Importer(815301076,1909f56bfc062723c751e8b465ee728b)
Start importing Assets/Art/no.png using Guid(2ad8c4059c376f94eb2cb27be0427a78) Importer(815301076,1909f56bfc062723c751e8b465ee728b)  -> (artifact id: '567fc5ce1a5a31dcb5c29ddfba86721b') in 0.032434 seconds
  Import took 0.040340 seconds .

========================================================================
Received Import Request.
  Time since last request: 0.000423 seconds.
  path: Assets/Art/Quit Button.png
  artifactKey: Guid(1059492c37997514ba914232741bffdd) Importer(815301076,1909f56bfc062723c751e8b465ee728b)
Start importing Assets/Art/Quit Button.png using Guid(1059492c37997514ba914232741bffdd) Importer(815301076,1909f56bfc062723c751e8b465ee728b)  -> (artifact id: 'a9aec73a21ffc56c6d78ba8675159ca5') in 0.033412 seconds
  Import took 0.039412 seconds .

========================================================================
Received Import Request.
  Time since last request: 0.000445 seconds.
  path: Assets/Art/Back.png
  artifactKey: Guid(29b2304cb3024c74a9404b4459fff303) Importer(815301076,1909f56bfc062723c751e8b465ee728b)
Start importing Assets/Art/Back.png using Guid(29b2304cb3024c74a9404b4459fff303) Importer(815301076,1909f56bfc062723c751e8b465ee728b)  -> (artifact id: '492436226dadb02f3bcaff1e56e95fd0') in 0.027586 seconds
  Import took 0.033739 seconds .

========================================================================
Received Import Request.
  Time since last request: 0.000417 seconds.
  path: Assets/Art/BG.png
  artifactKey: Guid(c9dc3fb6f6aa9a54c9f4b1dbc68bfd77) Importer(815301076,1909f56bfc062723c751e8b465ee728b)
Start importing Assets/Art/BG.png using Guid(c9dc3fb6f6aa9a54c9f4b1dbc68bfd77) Importer(815301076,1909f56bfc062723c751e8b465ee728b)  -> (artifact id: '90349a3a25a8a6d6f8206487f06311d5') in 0.081295 seconds
  Import took 0.088677 seconds .

========================================================================
Received Import Request.
  Time since last request: 0.000460 seconds.
  path: Assets/Art/Play.png
  artifactKey: Guid(2dd5bb035ac5a2748a00c65fd1c302a0) Importer(815301076,1909f56bfc062723c751e8b465ee728b)
Start importing Assets/Art/Play.png using Guid(2dd5bb035ac5a2748a00c65fd1c302a0) Importer(815301076,1909f56bfc062723c751e8b465ee728b)  -> (artifact id: 'a8945e2b2a8aaf0c0d11ec1b9ac31004') in 0.024462 seconds
  Import took 0.031347 seconds .

========================================================================
Received Import Request.
  Time since last request: 0.000473 seconds.
  path: Assets/Art/Are you.png
  artifactKey: Guid(aed4cb9f45e6bf7409f8911d8dbed6b6) Importer(815301076,1909f56bfc062723c751e8b465ee728b)
Start importing Assets/Art/Are you.png using Guid(aed4cb9f45e6bf7409f8911d8dbed6b6) Importer(815301076,1909f56bfc062723c751e8b465ee728b)  -> (artifact id: '38c5c8533d3adbb9fbe8955e2b2e398e') in 0.028510 seconds
  Import took 0.034433 seconds .

========================================================================
Received Prepare
Registering precompiled user dll's ...
Registered in 0.002911 seconds.
Begin MonoManager ReloadAssembly
Native extension for WindowsStandalone target not found
Refreshing native plugins compatible for Editor in 0.90 ms, found 1 plugins.
Preloading 0 native plugins for Editor in 0.00 ms.
Mono: successfully reloaded assembly
- Completed reload, in  2.893 seconds
Platform modules already initialized, skipping
Switching build target platform(5) subTarget(0) extendedPlatform(0) -> platform(13) subTarget(537395200) extendedPlatform(0)
Refreshing native plugins compatible for Editor in 0.97 ms, found 1 plugins.
Preloading 0 native plugins for Editor in 0.00 ms.
Unloading 1808 Unused Serialized files (Serialized files now loaded: 0)
System memory in use before: 88.8 MB.
System memory in use after: 88.8 MB.

Unloading 12 unused Assets to reduce memory usage. Loaded Objects now: 2285.
Total: 6.586100 ms (FindLiveObjects: 0.540600 ms CreateObjectMapping: 0.239300 ms MarkObjects: 5.447000 ms  DeleteObjects: 0.355800 ms)

AssetImportParameters requested are different than current active one (requested -> active):
  custom:graphics/normal-map-encoding: 01000000000000000000000000000000 -> 02000000000000000000000000000000
AssetImportWorkerClient::OnTransportError - code=2 error=End of file
